2020-10-22T14:14:56+00:00 CRITICAL syntax error, unexpected 'else' (T_ELSE), expecting end of file in C:\xampp\htdocs\addweb\wp-content\themes\childtheme\woocommerce\cart\cart.php on line 45

2020-10-22T14:14:56+00:00 CRITICAL syntax error, unexpected 'else' (T_ELSE), expecting end of file in C:\xampp\htdocs\addweb\wp-content\themes\childtheme\woocommerce\cart\cart.php on line 45

2020-10-22T14:14:57+00:00 CRITICAL syntax error, unexpected 'else' (T_ELSE), expecting end of file in C:\xampp\htdocs\addweb\wp-content\themes\childtheme\woocommerce\cart\cart.php on line 45

2020-10-22T14:14:57+00:00 CRITICAL syntax error, unexpected 'else' (T_ELSE), expecting end of file in C:\xampp\htdocs\addweb\wp-content\themes\childtheme\woocommerce\cart\cart.php on line 45

2020-10-22T14:14:57+00:00 CRITICAL syntax error, unexpected 'else' (T_ELSE), expecting end of file in C:\xampp\htdocs\addweb\wp-content\themes\childtheme\woocommerce\cart\cart.php on line 45

2020-10-22T14:14:58+00:00 CRITICAL syntax error, unexpected 'else' (T_ELSE), expecting end of file in C:\xampp\htdocs\addweb\wp-content\themes\childtheme\woocommerce\cart\cart.php on line 45

2020-10-22T16:30:43+00:00 CRITICAL Uncaught Error: Call to undefined function wc_order_add_discount() in C:\xampp\htdocs\addweb\wp-content\themes\childtheme\functions.php:112
Stack trace:
#0 C:\xampp\htdocs\addweb\wp-settings.php(514): include()
#1 C:\xampp\htdocs\addweb\wp-config.php(90): require_once('C:\\xampp\\htdocs...')
#2 C:\xampp\htdocs\addweb\wp-load.php(37): require_once('C:\\xampp\\htdocs...')
#3 C:\xampp\htdocs\addweb\wp-blog-header.php(13): require_once('C:\\xampp\\htdocs...')
#4 C:\xampp\htdocs\addweb\index.php(17): require('C:\\xampp\\htdocs...')
#5 {main}
  thrown in C:\xampp\htdocs\addweb\wp-content\themes\childtheme\functions.php on line 112

2020-10-22T16:30:43+00:00 CRITICAL Uncaught Error: Call to undefined function wc_order_add_discount() in C:\xampp\htdocs\addweb\wp-content\themes\childtheme\functions.php:112
Stack trace:
#0 C:\xampp\htdocs\addweb\wp-settings.php(514): include()
#1 C:\xampp\htdocs\addweb\wp-config.php(90): require_once('C:\\xampp\\htdocs...')
#2 C:\xampp\htdocs\addweb\wp-load.php(37): require_once('C:\\xampp\\htdocs...')
#3 C:\xampp\htdocs\addweb\wp-blog-header.php(13): require_once('C:\\xampp\\htdocs...')
#4 C:\xampp\htdocs\addweb\index.php(17): require('C:\\xampp\\htdocs...')
#5 {main}
  thrown in C:\xampp\htdocs\addweb\wp-content\themes\childtheme\functions.php on line 112

2020-10-22T16:30:43+00:00 CRITICAL Uncaught Error: Call to undefined function wc_order_add_discount() in C:\xampp\htdocs\addweb\wp-content\themes\childtheme\functions.php:112
Stack trace:
#0 C:\xampp\htdocs\addweb\wp-settings.php(514): include()
#1 C:\xampp\htdocs\addweb\wp-config.php(90): require_once('C:\\xampp\\htdocs...')
#2 C:\xampp\htdocs\addweb\wp-load.php(37): require_once('C:\\xampp\\htdocs...')
#3 C:\xampp\htdocs\addweb\wp-blog-header.php(13): require_once('C:\\xampp\\htdocs...')
#4 C:\xampp\htdocs\addweb\index.php(17): require('C:\\xampp\\htdocs...')
#5 {main}
  thrown in C:\xampp\htdocs\addweb\wp-content\themes\childtheme\functions.php on line 112

2020-10-22T16:30:43+00:00 CRITICAL Uncaught Error: Call to undefined function wc_order_add_discount() in C:\xampp\htdocs\addweb\wp-content\themes\childtheme\functions.php:112
Stack trace:
#0 C:\xampp\htdocs\addweb\wp-settings.php(514): include()
#1 C:\xampp\htdocs\addweb\wp-config.php(90): require_once('C:\\xampp\\htdocs...')
#2 C:\xampp\htdocs\addweb\wp-load.php(37): require_once('C:\\xampp\\htdocs...')
#3 C:\xampp\htdocs\addweb\wp-blog-header.php(13): require_once('C:\\xampp\\htdocs...')
#4 C:\xampp\htdocs\addweb\index.php(17): require('C:\\xampp\\htdocs...')
#5 {main}
  thrown in C:\xampp\htdocs\addweb\wp-content\themes\childtheme\functions.php on line 112

2020-10-22T16:30:44+00:00 CRITICAL Uncaught Error: Call to undefined function wc_order_add_discount() in C:\xampp\htdocs\addweb\wp-content\themes\childtheme\functions.php:112
Stack trace:
#0 C:\xampp\htdocs\addweb\wp-settings.php(514): include()
#1 C:\xampp\htdocs\addweb\wp-config.php(90): require_once('C:\\xampp\\htdocs...')
#2 C:\xampp\htdocs\addweb\wp-load.php(37): require_once('C:\\xampp\\htdocs...')
#3 C:\xampp\htdocs\addweb\wp-blog-header.php(13): require_once('C:\\xampp\\htdocs...')
#4 C:\xampp\htdocs\addweb\index.php(17): require('C:\\xampp\\htdocs...')
#5 {main}
  thrown in C:\xampp\htdocs\addweb\wp-content\themes\childtheme\functions.php on line 112

2020-10-22T16:31:17+00:00 CRITICAL Uncaught Error: Call to undefined function wc_order_add_discount() in C:\xampp\htdocs\addweb\wp-content\themes\childtheme\functions.php:112
Stack trace:
#0 C:\xampp\htdocs\addweb\wp-settings.php(514): include()
#1 C:\xampp\htdocs\addweb\wp-config.php(90): require_once('C:\\xampp\\htdocs...')
#2 C:\xampp\htdocs\addweb\wp-load.php(37): require_once('C:\\xampp\\htdocs...')
#3 C:\xampp\htdocs\addweb\wp-blog-header.php(13): require_once('C:\\xampp\\htdocs...')
#4 C:\xampp\htdocs\addweb\index.php(17): require('C:\\xampp\\htdocs...')
#5 {main}
  thrown in C:\xampp\htdocs\addweb\wp-content\themes\childtheme\functions.php on line 112

2020-10-22T16:31:18+00:00 CRITICAL Uncaught Error: Call to undefined function wc_order_add_discount() in C:\xampp\htdocs\addweb\wp-content\themes\childtheme\functions.php:112
Stack trace:
#0 C:\xampp\htdocs\addweb\wp-settings.php(514): include()
#1 C:\xampp\htdocs\addweb\wp-config.php(90): require_once('C:\\xampp\\htdocs...')
#2 C:\xampp\htdocs\addweb\wp-load.php(37): require_once('C:\\xampp\\htdocs...')
#3 C:\xampp\htdocs\addweb\wp-blog-header.php(13): require_once('C:\\xampp\\htdocs...')
#4 C:\xampp\htdocs\addweb\index.php(17): require('C:\\xampp\\htdocs...')
#5 {main}
  thrown in C:\xampp\htdocs\addweb\wp-content\themes\childtheme\functions.php on line 112

2020-10-22T16:31:18+00:00 CRITICAL Uncaught Error: Call to undefined function wc_order_add_discount() in C:\xampp\htdocs\addweb\wp-content\themes\childtheme\functions.php:112
Stack trace:
#0 C:\xampp\htdocs\addweb\wp-settings.php(514): include()
#1 C:\xampp\htdocs\addweb\wp-config.php(90): require_once('C:\\xampp\\htdocs...')
#2 C:\xampp\htdocs\addweb\wp-load.php(37): require_once('C:\\xampp\\htdocs...')
#3 C:\xampp\htdocs\addweb\wp-blog-header.php(13): require_once('C:\\xampp\\htdocs...')
#4 C:\xampp\htdocs\addweb\index.php(17): require('C:\\xampp\\htdocs...')
#5 {main}
  thrown in C:\xampp\htdocs\addweb\wp-content\themes\childtheme\functions.php on line 112

2020-10-22T16:31:19+00:00 CRITICAL Uncaught Error: Call to undefined function wc_order_add_discount() in C:\xampp\htdocs\addweb\wp-content\themes\childtheme\functions.php:112
Stack trace:
#0 C:\xampp\htdocs\addweb\wp-settings.php(514): include()
#1 C:\xampp\htdocs\addweb\wp-config.php(90): require_once('C:\\xampp\\htdocs...')
#2 C:\xampp\htdocs\addweb\wp-load.php(37): require_once('C:\\xampp\\htdocs...')
#3 C:\xampp\htdocs\addweb\wp-blog-header.php(13): require_once('C:\\xampp\\htdocs...')
#4 C:\xampp\htdocs\addweb\index.php(17): require('C:\\xampp\\htdocs...')
#5 {main}
  thrown in C:\xampp\htdocs\addweb\wp-content\themes\childtheme\functions.php on line 112

2020-10-22T16:31:19+00:00 CRITICAL Uncaught Error: Call to undefined function wc_order_add_discount() in C:\xampp\htdocs\addweb\wp-content\themes\childtheme\functions.php:112
Stack trace:
#0 C:\xampp\htdocs\addweb\wp-settings.php(514): include()
#1 C:\xampp\htdocs\addweb\wp-config.php(90): require_once('C:\\xampp\\htdocs...')
#2 C:\xampp\htdocs\addweb\wp-load.php(37): require_once('C:\\xampp\\htdocs...')
#3 C:\xampp\htdocs\addweb\wp-blog-header.php(13): require_once('C:\\xampp\\htdocs...')
#4 C:\xampp\htdocs\addweb\index.php(17): require('C:\\xampp\\htdocs...')
#5 {main}
  thrown in C:\xampp\htdocs\addweb\wp-content\themes\childtheme\functions.php on line 112

2020-10-22T16:31:19+00:00 CRITICAL Uncaught Error: Call to undefined function wc_order_add_discount() in C:\xampp\htdocs\addweb\wp-content\themes\childtheme\functions.php:112
Stack trace:
#0 C:\xampp\htdocs\addweb\wp-settings.php(514): include()
#1 C:\xampp\htdocs\addweb\wp-config.php(90): require_once('C:\\xampp\\htdocs...')
#2 C:\xampp\htdocs\addweb\wp-load.php(37): require_once('C:\\xampp\\htdocs...')
#3 C:\xampp\htdocs\addweb\wp-blog-header.php(13): require_once('C:\\xampp\\htdocs...')
#4 C:\xampp\htdocs\addweb\index.php(17): require('C:\\xampp\\htdocs...')
#5 {main}
  thrown in C:\xampp\htdocs\addweb\wp-content\themes\childtheme\functions.php on line 112

2020-10-22T16:31:19+00:00 CRITICAL Uncaught Error: Call to undefined function wc_order_add_discount() in C:\xampp\htdocs\addweb\wp-content\themes\childtheme\functions.php:112
Stack trace:
#0 C:\xampp\htdocs\addweb\wp-settings.php(514): include()
#1 C:\xampp\htdocs\addweb\wp-config.php(90): require_once('C:\\xampp\\htdocs...')
#2 C:\xampp\htdocs\addweb\wp-load.php(37): require_once('C:\\xampp\\htdocs...')
#3 C:\xampp\htdocs\addweb\wp-blog-header.php(13): require_once('C:\\xampp\\htdocs...')
#4 C:\xampp\htdocs\addweb\index.php(17): require('C:\\xampp\\htdocs...')
#5 {main}
  thrown in C:\xampp\htdocs\addweb\wp-content\themes\childtheme\functions.php on line 112

2020-10-22T16:31:20+00:00 CRITICAL Uncaught Error: Call to undefined function wc_order_add_discount() in C:\xampp\htdocs\addweb\wp-content\themes\childtheme\functions.php:112
Stack trace:
#0 C:\xampp\htdocs\addweb\wp-settings.php(514): include()
#1 C:\xampp\htdocs\addweb\wp-config.php(90): require_once('C:\\xampp\\htdocs...')
#2 C:\xampp\htdocs\addweb\wp-load.php(37): require_once('C:\\xampp\\htdocs...')
#3 C:\xampp\htdocs\addweb\wp-blog-header.php(13): require_once('C:\\xampp\\htdocs...')
#4 C:\xampp\htdocs\addweb\index.php(17): require('C:\\xampp\\htdocs...')
#5 {main}
  thrown in C:\xampp\htdocs\addweb\wp-content\themes\childtheme\functions.php on line 112

2020-10-22T16:31:20+00:00 CRITICAL Uncaught Error: Call to undefined function wc_order_add_discount() in C:\xampp\htdocs\addweb\wp-content\themes\childtheme\functions.php:112
Stack trace:
#0 C:\xampp\htdocs\addweb\wp-settings.php(514): include()
#1 C:\xampp\htdocs\addweb\wp-config.php(90): require_once('C:\\xampp\\htdocs...')
#2 C:\xampp\htdocs\addweb\wp-load.php(37): require_once('C:\\xampp\\htdocs...')
#3 C:\xampp\htdocs\addweb\wp-blog-header.php(13): require_once('C:\\xampp\\htdocs...')
#4 C:\xampp\htdocs\addweb\index.php(17): require('C:\\xampp\\htdocs...')
#5 {main}
  thrown in C:\xampp\htdocs\addweb\wp-content\themes\childtheme\functions.php on line 112

2020-10-22T16:31:20+00:00 CRITICAL Uncaught Error: Call to undefined function wc_order_add_discount() in C:\xampp\htdocs\addweb\wp-content\themes\childtheme\functions.php:112
Stack trace:
#0 C:\xampp\htdocs\addweb\wp-settings.php(514): include()
#1 C:\xampp\htdocs\addweb\wp-config.php(90): require_once('C:\\xampp\\htdocs...')
#2 C:\xampp\htdocs\addweb\wp-load.php(37): require_once('C:\\xampp\\htdocs...')
#3 C:\xampp\htdocs\addweb\wp-blog-header.php(13): require_once('C:\\xampp\\htdocs...')
#4 C:\xampp\htdocs\addweb\index.php(17): require('C:\\xampp\\htdocs...')
#5 {main}
  thrown in C:\xampp\htdocs\addweb\wp-content\themes\childtheme\functions.php on line 112

2020-10-22T16:31:20+00:00 CRITICAL Uncaught Error: Call to undefined function wc_order_add_discount() in C:\xampp\htdocs\addweb\wp-content\themes\childtheme\functions.php:112
Stack trace:
#0 C:\xampp\htdocs\addweb\wp-settings.php(514): include()
#1 C:\xampp\htdocs\addweb\wp-config.php(90): require_once('C:\\xampp\\htdocs...')
#2 C:\xampp\htdocs\addweb\wp-load.php(37): require_once('C:\\xampp\\htdocs...')
#3 C:\xampp\htdocs\addweb\wp-blog-header.php(13): require_once('C:\\xampp\\htdocs...')
#4 C:\xampp\htdocs\addweb\index.php(17): require('C:\\xampp\\htdocs...')
#5 {main}
  thrown in C:\xampp\htdocs\addweb\wp-content\themes\childtheme\functions.php on line 112

2020-10-22T16:31:20+00:00 CRITICAL Uncaught Error: Call to undefined function wc_order_add_discount() in C:\xampp\htdocs\addweb\wp-content\themes\childtheme\functions.php:112
Stack trace:
#0 C:\xampp\htdocs\addweb\wp-settings.php(514): include()
#1 C:\xampp\htdocs\addweb\wp-config.php(90): require_once('C:\\xampp\\htdocs...')
#2 C:\xampp\htdocs\addweb\wp-load.php(37): require_once('C:\\xampp\\htdocs...')
#3 C:\xampp\htdocs\addweb\wp-blog-header.php(13): require_once('C:\\xampp\\htdocs...')
#4 C:\xampp\htdocs\addweb\index.php(17): require('C:\\xampp\\htdocs...')
#5 {main}
  thrown in C:\xampp\htdocs\addweb\wp-content\themes\childtheme\functions.php on line 112

2020-10-22T16:31:21+00:00 CRITICAL Uncaught Error: Call to undefined function wc_order_add_discount() in C:\xampp\htdocs\addweb\wp-content\themes\childtheme\functions.php:112
Stack trace:
#0 C:\xampp\htdocs\addweb\wp-settings.php(514): include()
#1 C:\xampp\htdocs\addweb\wp-config.php(90): require_once('C:\\xampp\\htdocs...')
#2 C:\xampp\htdocs\addweb\wp-load.php(37): require_once('C:\\xampp\\htdocs...')
#3 C:\xampp\htdocs\addweb\wp-blog-header.php(13): require_once('C:\\xampp\\htdocs...')
#4 C:\xampp\htdocs\addweb\index.php(17): require('C:\\xampp\\htdocs...')
#5 {main}
  thrown in C:\xampp\htdocs\addweb\wp-content\themes\childtheme\functions.php on line 112

2020-10-22T16:31:24+00:00 CRITICAL Uncaught Error: Call to undefined function wc_order_add_discount() in C:\xampp\htdocs\addweb\wp-content\themes\childtheme\functions.php:112
Stack trace:
#0 C:\xampp\htdocs\addweb\wp-settings.php(514): include()
#1 C:\xampp\htdocs\addweb\wp-config.php(90): require_once('C:\\xampp\\htdocs...')
#2 C:\xampp\htdocs\addweb\wp-load.php(37): require_once('C:\\xampp\\htdocs...')
#3 C:\xampp\htdocs\addweb\wp-blog-header.php(13): require_once('C:\\xampp\\htdocs...')
#4 C:\xampp\htdocs\addweb\index.php(17): require('C:\\xampp\\htdocs...')
#5 {main}
  thrown in C:\xampp\htdocs\addweb\wp-content\themes\childtheme\functions.php on line 112

2020-10-22T16:31:25+00:00 CRITICAL Uncaught Error: Call to undefined function wc_order_add_discount() in C:\xampp\htdocs\addweb\wp-content\themes\childtheme\functions.php:112
Stack trace:
#0 C:\xampp\htdocs\addweb\wp-settings.php(514): include()
#1 C:\xampp\htdocs\addweb\wp-config.php(90): require_once('C:\\xampp\\htdocs...')
#2 C:\xampp\htdocs\addweb\wp-load.php(37): require_once('C:\\xampp\\htdocs...')
#3 C:\xampp\htdocs\addweb\wp-blog-header.php(13): require_once('C:\\xampp\\htdocs...')
#4 C:\xampp\htdocs\addweb\index.php(17): require('C:\\xampp\\htdocs...')
#5 {main}
  thrown in C:\xampp\htdocs\addweb\wp-content\themes\childtheme\functions.php on line 112

2020-10-22T16:31:25+00:00 CRITICAL Uncaught Error: Call to undefined function wc_order_add_discount() in C:\xampp\htdocs\addweb\wp-content\themes\childtheme\functions.php:112
Stack trace:
#0 C:\xampp\htdocs\addweb\wp-settings.php(514): include()
#1 C:\xampp\htdocs\addweb\wp-config.php(90): require_once('C:\\xampp\\htdocs...')
#2 C:\xampp\htdocs\addweb\wp-load.php(37): require_once('C:\\xampp\\htdocs...')
#3 C:\xampp\htdocs\addweb\wp-blog-header.php(13): require_once('C:\\xampp\\htdocs...')
#4 C:\xampp\htdocs\addweb\index.php(17): require('C:\\xampp\\htdocs...')
#5 {main}
  thrown in C:\xampp\htdocs\addweb\wp-content\themes\childtheme\functions.php on line 112

2020-10-22T16:31:25+00:00 CRITICAL Uncaught Error: Call to undefined function wc_order_add_discount() in C:\xampp\htdocs\addweb\wp-content\themes\childtheme\functions.php:112
Stack trace:
#0 C:\xampp\htdocs\addweb\wp-settings.php(514): include()
#1 C:\xampp\htdocs\addweb\wp-config.php(90): require_once('C:\\xampp\\htdocs...')
#2 C:\xampp\htdocs\addweb\wp-load.php(37): require_once('C:\\xampp\\htdocs...')
#3 C:\xampp\htdocs\addweb\wp-blog-header.php(13): require_once('C:\\xampp\\htdocs...')
#4 C:\xampp\htdocs\addweb\index.php(17): require('C:\\xampp\\htdocs...')
#5 {main}
  thrown in C:\xampp\htdocs\addweb\wp-content\themes\childtheme\functions.php on line 112

2020-10-22T16:31:25+00:00 CRITICAL Uncaught Error: Call to undefined function wc_order_add_discount() in C:\xampp\htdocs\addweb\wp-content\themes\childtheme\functions.php:112
Stack trace:
#0 C:\xampp\htdocs\addweb\wp-settings.php(514): include()
#1 C:\xampp\htdocs\addweb\wp-config.php(90): require_once('C:\\xampp\\htdocs...')
#2 C:\xampp\htdocs\addweb\wp-load.php(37): require_once('C:\\xampp\\htdocs...')
#3 C:\xampp\htdocs\addweb\wp-blog-header.php(13): require_once('C:\\xampp\\htdocs...')
#4 C:\xampp\htdocs\addweb\index.php(17): require('C:\\xampp\\htdocs...')
#5 {main}
  thrown in C:\xampp\htdocs\addweb\wp-content\themes\childtheme\functions.php on line 112

2020-10-22T16:31:26+00:00 CRITICAL Uncaught Error: Call to undefined function wc_order_add_discount() in C:\xampp\htdocs\addweb\wp-content\themes\childtheme\functions.php:112
Stack trace:
#0 C:\xampp\htdocs\addweb\wp-settings.php(514): include()
#1 C:\xampp\htdocs\addweb\wp-config.php(90): require_once('C:\\xampp\\htdocs...')
#2 C:\xampp\htdocs\addweb\wp-load.php(37): require_once('C:\\xampp\\htdocs...')
#3 C:\xampp\htdocs\addweb\wp-blog-header.php(13): require_once('C:\\xampp\\htdocs...')
#4 C:\xampp\htdocs\addweb\index.php(17): require('C:\\xampp\\htdocs...')
#5 {main}
  thrown in C:\xampp\htdocs\addweb\wp-content\themes\childtheme\functions.php on line 112

2020-10-22T16:31:27+00:00 CRITICAL Uncaught Error: Call to undefined function wc_order_add_discount() in C:\xampp\htdocs\addweb\wp-content\themes\childtheme\functions.php:112
Stack trace:
#0 C:\xampp\htdocs\addweb\wp-settings.php(514): include()
#1 C:\xampp\htdocs\addweb\wp-config.php(90): require_once('C:\\xampp\\htdocs...')
#2 C:\xampp\htdocs\addweb\wp-load.php(37): require_once('C:\\xampp\\htdocs...')
#3 C:\xampp\htdocs\addweb\wp-blog-header.php(13): require_once('C:\\xampp\\htdocs...')
#4 C:\xampp\htdocs\addweb\index.php(17): require('C:\\xampp\\htdocs...')
#5 {main}
  thrown in C:\xampp\htdocs\addweb\wp-content\themes\childtheme\functions.php on line 112

2020-10-22T16:31:27+00:00 CRITICAL Uncaught Error: Call to undefined function wc_order_add_discount() in C:\xampp\htdocs\addweb\wp-content\themes\childtheme\functions.php:112
Stack trace:
#0 C:\xampp\htdocs\addweb\wp-settings.php(514): include()
#1 C:\xampp\htdocs\addweb\wp-config.php(90): require_once('C:\\xampp\\htdocs...')
#2 C:\xampp\htdocs\addweb\wp-load.php(37): require_once('C:\\xampp\\htdocs...')
#3 C:\xampp\htdocs\addweb\wp-blog-header.php(13): require_once('C:\\xampp\\htdocs...')
#4 C:\xampp\htdocs\addweb\index.php(17): require('C:\\xampp\\htdocs...')
#5 {main}
  thrown in C:\xampp\htdocs\addweb\wp-content\themes\childtheme\functions.php on line 112

2020-10-22T16:31:27+00:00 CRITICAL Uncaught Error: Call to undefined function wc_order_add_discount() in C:\xampp\htdocs\addweb\wp-content\themes\childtheme\functions.php:112
Stack trace:
#0 C:\xampp\htdocs\addweb\wp-settings.php(514): include()
#1 C:\xampp\htdocs\addweb\wp-config.php(90): require_once('C:\\xampp\\htdocs...')
#2 C:\xampp\htdocs\addweb\wp-load.php(37): require_once('C:\\xampp\\htdocs...')
#3 C:\xampp\htdocs\addweb\wp-blog-header.php(13): require_once('C:\\xampp\\htdocs...')
#4 C:\xampp\htdocs\addweb\index.php(17): require('C:\\xampp\\htdocs...')
#5 {main}
  thrown in C:\xampp\htdocs\addweb\wp-content\themes\childtheme\functions.php on line 112

2020-10-22T16:31:28+00:00 CRITICAL Uncaught Error: Call to undefined function wc_order_add_discount() in C:\xampp\htdocs\addweb\wp-content\themes\childtheme\functions.php:112
Stack trace:
#0 C:\xampp\htdocs\addweb\wp-settings.php(514): include()
#1 C:\xampp\htdocs\addweb\wp-config.php(90): require_once('C:\\xampp\\htdocs...')
#2 C:\xampp\htdocs\addweb\wp-load.php(37): require_once('C:\\xampp\\htdocs...')
#3 C:\xampp\htdocs\addweb\wp-blog-header.php(13): require_once('C:\\xampp\\htdocs...')
#4 C:\xampp\htdocs\addweb\index.php(17): require('C:\\xampp\\htdocs...')
#5 {main}
  thrown in C:\xampp\htdocs\addweb\wp-content\themes\childtheme\functions.php on line 112

2020-10-22T16:31:41+00:00 CRITICAL Uncaught Error: Call to undefined function wc_order_add_discount() in C:\xampp\htdocs\addweb\wp-content\themes\childtheme\functions.php:112
Stack trace:
#0 C:\xampp\htdocs\addweb\wp-settings.php(514): include()
#1 C:\xampp\htdocs\addweb\wp-config.php(90): require_once('C:\\xampp\\htdocs...')
#2 C:\xampp\htdocs\addweb\wp-load.php(37): require_once('C:\\xampp\\htdocs...')
#3 C:\xampp\htdocs\addweb\wp-blog-header.php(13): require_once('C:\\xampp\\htdocs...')
#4 C:\xampp\htdocs\addweb\index.php(17): require('C:\\xampp\\htdocs...')
#5 {main}
  thrown in C:\xampp\htdocs\addweb\wp-content\themes\childtheme\functions.php on line 112

2020-10-22T16:31:42+00:00 CRITICAL Uncaught Error: Call to undefined function wc_order_add_discount() in C:\xampp\htdocs\addweb\wp-content\themes\childtheme\functions.php:112
Stack trace:
#0 C:\xampp\htdocs\addweb\wp-settings.php(514): include()
#1 C:\xampp\htdocs\addweb\wp-config.php(90): require_once('C:\\xampp\\htdocs...')
#2 C:\xampp\htdocs\addweb\wp-load.php(37): require_once('C:\\xampp\\htdocs...')
#3 C:\xampp\htdocs\addweb\wp-blog-header.php(13): require_once('C:\\xampp\\htdocs...')
#4 C:\xampp\htdocs\addweb\index.php(17): require('C:\\xampp\\htdocs...')
#5 {main}
  thrown in C:\xampp\htdocs\addweb\wp-content\themes\childtheme\functions.php on line 112

2020-10-22T16:31:45+00:00 CRITICAL Uncaught Error: Call to undefined function wc_order_add_discount() in C:\xampp\htdocs\addweb\wp-content\themes\childtheme\functions.php:110
Stack trace:
#0 C:\xampp\htdocs\addweb\wp-includes\class-wp-hook.php(287): add_user_discounts(Object(WC_Cart))
#1 C:\xampp\htdocs\addweb\wp-includes\class-wp-hook.php(311): WP_Hook->apply_filters('', Array)
#2 C:\xampp\htdocs\addweb\wp-includes\plugin.php(478): WP_Hook->do_action(Array)
#3 C:\xampp\htdocs\addweb\wp-content\plugins\woocommerce\includes\class-wc-cart.php(1842): do_action('woocommerce_car...', Object(WC_Cart))
#4 C:\xampp\htdocs\addweb\wp-content\plugins\woocommerce\includes\class-wc-cart-totals.php(270): WC_Cart->calculate_fees()
#5 C:\xampp\htdocs\addweb\wp-content\plugins\woocommerce\includes\class-wc-cart-totals.php(830): WC_Cart_Totals->get_fees_from_cart()
#6 C:\xampp\htdocs\addweb\wp-content\plugins\woocommerce\includes\class-wc-cart-totals.php(143): WC_Cart_Totals->calculate_fee_totals()
#7 C:\xampp\htdocs\addweb\wp-content\plugins\woocommerce\includ in C:\xampp\htdocs\addweb\wp-content\themes\childtheme\functions.php on line 110

2020-10-22T16:31:46+00:00 CRITICAL Uncaught Error: Call to undefined function wc_order_add_discount() in C:\xampp\htdocs\addweb\wp-content\themes\childtheme\functions.php:110
Stack trace:
#0 C:\xampp\htdocs\addweb\wp-includes\class-wp-hook.php(287): add_user_discounts(Object(WC_Cart))
#1 C:\xampp\htdocs\addweb\wp-includes\class-wp-hook.php(311): WP_Hook->apply_filters('', Array)
#2 C:\xampp\htdocs\addweb\wp-includes\plugin.php(478): WP_Hook->do_action(Array)
#3 C:\xampp\htdocs\addweb\wp-content\plugins\woocommerce\includes\class-wc-cart.php(1842): do_action('woocommerce_car...', Object(WC_Cart))
#4 C:\xampp\htdocs\addweb\wp-content\plugins\woocommerce\includes\class-wc-cart-totals.php(270): WC_Cart->calculate_fees()
#5 C:\xampp\htdocs\addweb\wp-content\plugins\woocommerce\includes\class-wc-cart-totals.php(830): WC_Cart_Totals->get_fees_from_cart()
#6 C:\xampp\htdocs\addweb\wp-content\plugins\woocommerce\includes\class-wc-cart-totals.php(143): WC_Cart_Totals->calculate_fee_totals()
#7 C:\xampp\htdocs\addweb\wp-content\plugins\woocommerce\includ in C:\xampp\htdocs\addweb\wp-content\themes\childtheme\functions.php on line 110

2020-10-22T16:31:46+00:00 CRITICAL Uncaught Error: Call to undefined function wc_order_add_discount() in C:\xampp\htdocs\addweb\wp-content\themes\childtheme\functions.php:110
Stack trace:
#0 C:\xampp\htdocs\addweb\wp-includes\class-wp-hook.php(287): add_user_discounts(Object(WC_Cart))
#1 C:\xampp\htdocs\addweb\wp-includes\class-wp-hook.php(311): WP_Hook->apply_filters('', Array)
#2 C:\xampp\htdocs\addweb\wp-includes\plugin.php(478): WP_Hook->do_action(Array)
#3 C:\xampp\htdocs\addweb\wp-content\plugins\woocommerce\includes\class-wc-cart.php(1842): do_action('woocommerce_car...', Object(WC_Cart))
#4 C:\xampp\htdocs\addweb\wp-content\plugins\woocommerce\includes\class-wc-cart-totals.php(270): WC_Cart->calculate_fees()
#5 C:\xampp\htdocs\addweb\wp-content\plugins\woocommerce\includes\class-wc-cart-totals.php(830): WC_Cart_Totals->get_fees_from_cart()
#6 C:\xampp\htdocs\addweb\wp-content\plugins\woocommerce\includes\class-wc-cart-totals.php(143): WC_Cart_Totals->calculate_fee_totals()
#7 C:\xampp\htdocs\addweb\wp-content\plugins\woocommerce\includ in C:\xampp\htdocs\addweb\wp-content\themes\childtheme\functions.php on line 110

2020-10-22T16:31:46+00:00 CRITICAL Uncaught Error: Call to undefined function wc_order_add_discount() in C:\xampp\htdocs\addweb\wp-content\themes\childtheme\functions.php:110
Stack trace:
#0 C:\xampp\htdocs\addweb\wp-includes\class-wp-hook.php(287): add_user_discounts(Object(WC_Cart))
#1 C:\xampp\htdocs\addweb\wp-includes\class-wp-hook.php(311): WP_Hook->apply_filters('', Array)
#2 C:\xampp\htdocs\addweb\wp-includes\plugin.php(478): WP_Hook->do_action(Array)
#3 C:\xampp\htdocs\addweb\wp-content\plugins\woocommerce\includes\class-wc-cart.php(1842): do_action('woocommerce_car...', Object(WC_Cart))
#4 C:\xampp\htdocs\addweb\wp-content\plugins\woocommerce\includes\class-wc-cart-totals.php(270): WC_Cart->calculate_fees()
#5 C:\xampp\htdocs\addweb\wp-content\plugins\woocommerce\includes\class-wc-cart-totals.php(830): WC_Cart_Totals->get_fees_from_cart()
#6 C:\xampp\htdocs\addweb\wp-content\plugins\woocommerce\includes\class-wc-cart-totals.php(143): WC_Cart_Totals->calculate_fee_totals()
#7 C:\xampp\htdocs\addweb\wp-content\plugins\woocommerce\includ in C:\xampp\htdocs\addweb\wp-content\themes\childtheme\functions.php on line 110

2020-10-22T16:31:46+00:00 CRITICAL Uncaught Error: Call to undefined function wc_order_add_discount() in C:\xampp\htdocs\addweb\wp-content\themes\childtheme\functions.php:110
Stack trace:
#0 C:\xampp\htdocs\addweb\wp-includes\class-wp-hook.php(287): add_user_discounts(Object(WC_Cart))
#1 C:\xampp\htdocs\addweb\wp-includes\class-wp-hook.php(311): WP_Hook->apply_filters('', Array)
#2 C:\xampp\htdocs\addweb\wp-includes\plugin.php(478): WP_Hook->do_action(Array)
#3 C:\xampp\htdocs\addweb\wp-content\plugins\woocommerce\includes\class-wc-cart.php(1842): do_action('woocommerce_car...', Object(WC_Cart))
#4 C:\xampp\htdocs\addweb\wp-content\plugins\woocommerce\includes\class-wc-cart-totals.php(270): WC_Cart->calculate_fees()
#5 C:\xampp\htdocs\addweb\wp-content\plugins\woocommerce\includes\class-wc-cart-totals.php(830): WC_Cart_Totals->get_fees_from_cart()
#6 C:\xampp\htdocs\addweb\wp-content\plugins\woocommerce\includes\class-wc-cart-totals.php(143): WC_Cart_Totals->calculate_fee_totals()
#7 C:\xampp\htdocs\addweb\wp-content\plugins\woocommerce\includ in C:\xampp\htdocs\addweb\wp-content\themes\childtheme\functions.php on line 110

2020-10-22T16:31:46+00:00 CRITICAL Uncaught Error: Call to undefined function wc_order_add_discount() in C:\xampp\htdocs\addweb\wp-content\themes\childtheme\functions.php:110
Stack trace:
#0 C:\xampp\htdocs\addweb\wp-includes\class-wp-hook.php(287): add_user_discounts(Object(WC_Cart))
#1 C:\xampp\htdocs\addweb\wp-includes\class-wp-hook.php(311): WP_Hook->apply_filters('', Array)
#2 C:\xampp\htdocs\addweb\wp-includes\plugin.php(478): WP_Hook->do_action(Array)
#3 C:\xampp\htdocs\addweb\wp-content\plugins\woocommerce\includes\class-wc-cart.php(1842): do_action('woocommerce_car...', Object(WC_Cart))
#4 C:\xampp\htdocs\addweb\wp-content\plugins\woocommerce\includes\class-wc-cart-totals.php(270): WC_Cart->calculate_fees()
#5 C:\xampp\htdocs\addweb\wp-content\plugins\woocommerce\includes\class-wc-cart-totals.php(830): WC_Cart_Totals->get_fees_from_cart()
#6 C:\xampp\htdocs\addweb\wp-content\plugins\woocommerce\includes\class-wc-cart-totals.php(143): WC_Cart_Totals->calculate_fee_totals()
#7 C:\xampp\htdocs\addweb\wp-content\plugins\woocommerce\includ in C:\xampp\htdocs\addweb\wp-content\themes\childtheme\functions.php on line 110

2020-10-22T16:31:46+00:00 CRITICAL Uncaught Error: Call to undefined function wc_order_add_discount() in C:\xampp\htdocs\addweb\wp-content\themes\childtheme\functions.php:110
Stack trace:
#0 C:\xampp\htdocs\addweb\wp-includes\class-wp-hook.php(287): add_user_discounts(Object(WC_Cart))
#1 C:\xampp\htdocs\addweb\wp-includes\class-wp-hook.php(311): WP_Hook->apply_filters('', Array)
#2 C:\xampp\htdocs\addweb\wp-includes\plugin.php(478): WP_Hook->do_action(Array)
#3 C:\xampp\htdocs\addweb\wp-content\plugins\woocommerce\includes\class-wc-cart.php(1842): do_action('woocommerce_car...', Object(WC_Cart))
#4 C:\xampp\htdocs\addweb\wp-content\plugins\woocommerce\includes\class-wc-cart-totals.php(270): WC_Cart->calculate_fees()
#5 C:\xampp\htdocs\addweb\wp-content\plugins\woocommerce\includes\class-wc-cart-totals.php(830): WC_Cart_Totals->get_fees_from_cart()
#6 C:\xampp\htdocs\addweb\wp-content\plugins\woocommerce\includes\class-wc-cart-totals.php(143): WC_Cart_Totals->calculate_fee_totals()
#7 C:\xampp\htdocs\addweb\wp-content\plugins\woocommerce\includ in C:\xampp\htdocs\addweb\wp-content\themes\childtheme\functions.php on line 110

2020-10-22T16:31:47+00:00 CRITICAL Uncaught Error: Call to undefined function wc_order_add_discount() in C:\xampp\htdocs\addweb\wp-content\themes\childtheme\functions.php:110
Stack trace:
#0 C:\xampp\htdocs\addweb\wp-includes\class-wp-hook.php(287): add_user_discounts(Object(WC_Cart))
#1 C:\xampp\htdocs\addweb\wp-includes\class-wp-hook.php(311): WP_Hook->apply_filters('', Array)
#2 C:\xampp\htdocs\addweb\wp-includes\plugin.php(478): WP_Hook->do_action(Array)
#3 C:\xampp\htdocs\addweb\wp-content\plugins\woocommerce\includes\class-wc-cart.php(1842): do_action('woocommerce_car...', Object(WC_Cart))
#4 C:\xampp\htdocs\addweb\wp-content\plugins\woocommerce\includes\class-wc-cart-totals.php(270): WC_Cart->calculate_fees()
#5 C:\xampp\htdocs\addweb\wp-content\plugins\woocommerce\includes\class-wc-cart-totals.php(830): WC_Cart_Totals->get_fees_from_cart()
#6 C:\xampp\htdocs\addweb\wp-content\plugins\woocommerce\includes\class-wc-cart-totals.php(143): WC_Cart_Totals->calculate_fee_totals()
#7 C:\xampp\htdocs\addweb\wp-content\plugins\woocommerce\includ in C:\xampp\htdocs\addweb\wp-content\themes\childtheme\functions.php on line 110

2020-10-22T16:31:47+00:00 CRITICAL Uncaught Error: Call to undefined function wc_order_add_discount() in C:\xampp\htdocs\addweb\wp-content\themes\childtheme\functions.php:110
Stack trace:
#0 C:\xampp\htdocs\addweb\wp-includes\class-wp-hook.php(287): add_user_discounts(Object(WC_Cart))
#1 C:\xampp\htdocs\addweb\wp-includes\class-wp-hook.php(311): WP_Hook->apply_filters('', Array)
#2 C:\xampp\htdocs\addweb\wp-includes\plugin.php(478): WP_Hook->do_action(Array)
#3 C:\xampp\htdocs\addweb\wp-content\plugins\woocommerce\includes\class-wc-cart.php(1842): do_action('woocommerce_car...', Object(WC_Cart))
#4 C:\xampp\htdocs\addweb\wp-content\plugins\woocommerce\includes\class-wc-cart-totals.php(270): WC_Cart->calculate_fees()
#5 C:\xampp\htdocs\addweb\wp-content\plugins\woocommerce\includes\class-wc-cart-totals.php(830): WC_Cart_Totals->get_fees_from_cart()
#6 C:\xampp\htdocs\addweb\wp-content\plugins\woocommerce\includes\class-wc-cart-totals.php(143): WC_Cart_Totals->calculate_fee_totals()
#7 C:\xampp\htdocs\addweb\wp-content\plugins\woocommerce\includ in C:\xampp\htdocs\addweb\wp-content\themes\childtheme\functions.php on line 110

2020-10-22T16:31:47+00:00 CRITICAL Uncaught Error: Call to undefined function wc_order_add_discount() in C:\xampp\htdocs\addweb\wp-content\themes\childtheme\functions.php:110
Stack trace:
#0 C:\xampp\htdocs\addweb\wp-includes\class-wp-hook.php(287): add_user_discounts(Object(WC_Cart))
#1 C:\xampp\htdocs\addweb\wp-includes\class-wp-hook.php(311): WP_Hook->apply_filters('', Array)
#2 C:\xampp\htdocs\addweb\wp-includes\plugin.php(478): WP_Hook->do_action(Array)
#3 C:\xampp\htdocs\addweb\wp-content\plugins\woocommerce\includes\class-wc-cart.php(1842): do_action('woocommerce_car...', Object(WC_Cart))
#4 C:\xampp\htdocs\addweb\wp-content\plugins\woocommerce\includes\class-wc-cart-totals.php(270): WC_Cart->calculate_fees()
#5 C:\xampp\htdocs\addweb\wp-content\plugins\woocommerce\includes\class-wc-cart-totals.php(830): WC_Cart_Totals->get_fees_from_cart()
#6 C:\xampp\htdocs\addweb\wp-content\plugins\woocommerce\includes\class-wc-cart-totals.php(143): WC_Cart_Totals->calculate_fee_totals()
#7 C:\xampp\htdocs\addweb\wp-content\plugins\woocommerce\includ in C:\xampp\htdocs\addweb\wp-content\themes\childtheme\functions.php on line 110

2020-10-22T16:31:47+00:00 CRITICAL Uncaught Error: Call to undefined function wc_order_add_discount() in C:\xampp\htdocs\addweb\wp-content\themes\childtheme\functions.php:110
Stack trace:
#0 C:\xampp\htdocs\addweb\wp-includes\class-wp-hook.php(287): add_user_discounts(Object(WC_Cart))
#1 C:\xampp\htdocs\addweb\wp-includes\class-wp-hook.php(311): WP_Hook->apply_filters('', Array)
#2 C:\xampp\htdocs\addweb\wp-includes\plugin.php(478): WP_Hook->do_action(Array)
#3 C:\xampp\htdocs\addweb\wp-content\plugins\woocommerce\includes\class-wc-cart.php(1842): do_action('woocommerce_car...', Object(WC_Cart))
#4 C:\xampp\htdocs\addweb\wp-content\plugins\woocommerce\includes\class-wc-cart-totals.php(270): WC_Cart->calculate_fees()
#5 C:\xampp\htdocs\addweb\wp-content\plugins\woocommerce\includes\class-wc-cart-totals.php(830): WC_Cart_Totals->get_fees_from_cart()
#6 C:\xampp\htdocs\addweb\wp-content\plugins\woocommerce\includes\class-wc-cart-totals.php(143): WC_Cart_Totals->calculate_fee_totals()
#7 C:\xampp\htdocs\addweb\wp-content\plugins\woocommerce\includ in C:\xampp\htdocs\addweb\wp-content\themes\childtheme\functions.php on line 110

2020-10-22T16:31:47+00:00 CRITICAL Uncaught Error: Call to undefined function wc_order_add_discount() in C:\xampp\htdocs\addweb\wp-content\themes\childtheme\functions.php:110
Stack trace:
#0 C:\xampp\htdocs\addweb\wp-includes\class-wp-hook.php(287): add_user_discounts(Object(WC_Cart))
#1 C:\xampp\htdocs\addweb\wp-includes\class-wp-hook.php(311): WP_Hook->apply_filters('', Array)
#2 C:\xampp\htdocs\addweb\wp-includes\plugin.php(478): WP_Hook->do_action(Array)
#3 C:\xampp\htdocs\addweb\wp-content\plugins\woocommerce\includes\class-wc-cart.php(1842): do_action('woocommerce_car...', Object(WC_Cart))
#4 C:\xampp\htdocs\addweb\wp-content\plugins\woocommerce\includes\class-wc-cart-totals.php(270): WC_Cart->calculate_fees()
#5 C:\xampp\htdocs\addweb\wp-content\plugins\woocommerce\includes\class-wc-cart-totals.php(830): WC_Cart_Totals->get_fees_from_cart()
#6 C:\xampp\htdocs\addweb\wp-content\plugins\woocommerce\includes\class-wc-cart-totals.php(143): WC_Cart_Totals->calculate_fee_totals()
#7 C:\xampp\htdocs\addweb\wp-content\plugins\woocommerce\includ in C:\xampp\htdocs\addweb\wp-content\themes\childtheme\functions.php on line 110

2020-10-22T16:31:47+00:00 CRITICAL Uncaught Error: Call to undefined function wc_order_add_discount() in C:\xampp\htdocs\addweb\wp-content\themes\childtheme\functions.php:110
Stack trace:
#0 C:\xampp\htdocs\addweb\wp-includes\class-wp-hook.php(287): add_user_discounts(Object(WC_Cart))
#1 C:\xampp\htdocs\addweb\wp-includes\class-wp-hook.php(311): WP_Hook->apply_filters('', Array)
#2 C:\xampp\htdocs\addweb\wp-includes\plugin.php(478): WP_Hook->do_action(Array)
#3 C:\xampp\htdocs\addweb\wp-content\plugins\woocommerce\includes\class-wc-cart.php(1842): do_action('woocommerce_car...', Object(WC_Cart))
#4 C:\xampp\htdocs\addweb\wp-content\plugins\woocommerce\includes\class-wc-cart-totals.php(270): WC_Cart->calculate_fees()
#5 C:\xampp\htdocs\addweb\wp-content\plugins\woocommerce\includes\class-wc-cart-totals.php(830): WC_Cart_Totals->get_fees_from_cart()
#6 C:\xampp\htdocs\addweb\wp-content\plugins\woocommerce\includes\class-wc-cart-totals.php(143): WC_Cart_Totals->calculate_fee_totals()
#7 C:\xampp\htdocs\addweb\wp-content\plugins\woocommerce\includ in C:\xampp\htdocs\addweb\wp-content\themes\childtheme\functions.php on line 110

2020-10-22T17:13:02+00:00 CRITICAL syntax error, unexpected 'function' (T_FUNCTION) in C:\xampp\htdocs\addweb\wp-content\themes\childtheme\functions.php on line 115

2020-10-22T17:13:02+00:00 CRITICAL syntax error, unexpected 'function' (T_FUNCTION) in C:\xampp\htdocs\addweb\wp-content\themes\childtheme\functions.php on line 115

2020-10-22T17:13:03+00:00 CRITICAL syntax error, unexpected 'function' (T_FUNCTION) in C:\xampp\htdocs\addweb\wp-content\themes\childtheme\functions.php on line 115

2020-10-22T17:13:03+00:00 CRITICAL syntax error, unexpected 'function' (T_FUNCTION) in C:\xampp\htdocs\addweb\wp-content\themes\childtheme\functions.php on line 115

2020-10-22T17:13:03+00:00 CRITICAL syntax error, unexpected 'function' (T_FUNCTION) in C:\xampp\htdocs\addweb\wp-content\themes\childtheme\functions.php on line 115

2020-10-22T17:13:03+00:00 CRITICAL syntax error, unexpected 'function' (T_FUNCTION) in C:\xampp\htdocs\addweb\wp-content\themes\childtheme\functions.php on line 115

